<?xml version="1.0" encoding="UTF-8"?>
<testng-results ignored="0" total="1" passed="1" failed="0" skipped="0">
  <reporter-output>
  </reporter-output>
  <suite started-at="2026-01-28T16:12:46 IST" name="Suite" finished-at="2026-01-28T16:12:58 IST" duration-ms="12278">
    <groups>
    </groups>
    <test started-at="2026-01-28T16:12:46 IST" name="Test" finished-at="2026-01-28T16:12:58 IST" duration-ms="12278">
      <class name="module1_Login_Test.TC1_SLHomePageVerifyTitle">
        <test-method is-config="true" signature="openBrowser()[pri:0, instance:module1_Login_Test.TC1_SLHomePageVerifyTitle@29e495ff]" started-at="2026-01-28T16:12:46 IST" name="openBrowser" finished-at="2026-01-28T16:12:52 IST" duration-ms="6450" status="PASS">
          <reporter-output>
          </reporter-output>
        </test-method> <!-- openBrowser -->
        <test-method is-config="true" signature="loginToApplication()[pri:0, instance:module1_Login_Test.TC1_SLHomePageVerifyTitle@29e495ff]" started-at="2026-01-28T16:12:52 IST" name="loginToApplication" finished-at="2026-01-28T16:12:54 IST" duration-ms="1975" status="PASS">
          <reporter-output>
          </reporter-output>
        </test-method> <!-- loginToApplication -->
        <test-method signature="verifyTitle()[pri:0, instance:module1_Login_Test.TC1_SLHomePageVerifyTitle@29e495ff]" started-at="2026-01-28T16:12:54 IST" name="verifyTitle" finished-at="2026-01-28T16:12:57 IST" duration-ms="2627" status="PASS">
          <reporter-output>
          </reporter-output>
        </test-method> <!-- verifyTitle -->
        <test-method is-config="true" signature="logoutFromApplication(org.testng.ITestResult)[pri:0, instance:module1_Login_Test.TC1_SLHomePageVerifyTitle@29e495ff]" started-at="2026-01-28T16:12:57 IST" name="logoutFromApplication" finished-at="2026-01-28T16:12:57 IST" duration-ms="748" status="PASS">
          <params>
            <param index="0">
              <value>
                <![CDATA[[TestResult name=verifyTitle status=SUCCESS method=TC1_SLHomePageVerifyTitle.verifyTitle()[pri:0, instance:module1_Login_Test.TC1_SLHomePageVerifyTitle@29e495ff] output={null}]]]>
              </value>
            </param>
          </params>
          <reporter-output>
          </reporter-output>
        </test-method> <!-- logoutFromApplication -->
        <test-method is-config="true" signature="tearDown()[pri:0, instance:module1_Login_Test.TC1_SLHomePageVerifyTitle@29e495ff]" started-at="2026-01-28T16:12:57 IST" name="tearDown" finished-at="2026-01-28T16:12:58 IST" duration-ms="385" status="PASS">
          <reporter-output>
          </reporter-output>
        </test-method> <!-- tearDown -->
      </class> <!-- module1_Login_Test.TC1_SLHomePageVerifyTitle -->
    </test> <!-- Test -->
  </suite> <!-- Suite -->
</testng-results>
